2022/04/23 11:13:46 [notice] 1#1: using the "epoll" event method
2022/04/23 11:13:46 [notice] 1#1: nginx/1.20.2
2022/04/23 11:13:46 [notice] 1#1: built by gcc 10.3.1 20210424 (Alpine 10.3.1_git20210424) 
2022/04/23 11:13:46 [notice] 1#1: OS: Linux 5.10.47-linuxkit
2022/04/23 11:13:46 [notice] 1#1: getrlimit(RLIMIT_NOFILE): 1048576:1048576
2022/04/23 11:13:46 [notice] 1#1: start worker processes
2022/04/23 11:13:46 [notice] 1#1: start worker process 33
2022/04/23 11:13:46 [notice] 1#1: start worker process 34
2022/04/23 11:13:46 [notice] 1#1: start worker process 35
2022/04/23 11:13:46 [notice] 1#1: start worker process 36
2022/04/23 11:24:47 [notice] 1#1: signal 3 (SIGQUIT) received, shutting down
2022/04/23 11:24:47 [notice] 34#34: gracefully shutting down
2022/04/23 11:24:47 [notice] 34#34: exiting
2022/04/23 11:24:47 [notice] 33#33: gracefully shutting down
2022/04/23 11:24:47 [notice] 36#36: gracefully shutting down
2022/04/23 11:24:47 [notice] 35#35: gracefully shutting down
2022/04/23 11:24:47 [notice] 34#34: exit
2022/04/23 11:24:47 [notice] 33#33: exiting
2022/04/23 11:24:47 [notice] 36#36: exiting
2022/04/23 11:24:47 [notice] 35#35: exiting
2022/04/23 11:24:47 [notice] 33#33: exit
2022/04/23 11:24:47 [notice] 36#36: exit
2022/04/23 11:24:47 [notice] 35#35: exit
2022/04/23 11:24:47 [notice] 1#1: signal 17 (SIGCHLD) received from 34
2022/04/23 11:24:47 [notice] 1#1: worker process 34 exited with code 0
2022/04/23 11:24:47 [notice] 1#1: signal 29 (SIGIO) received
2022/04/23 11:24:47 [notice] 1#1: signal 17 (SIGCHLD) received from 35
2022/04/23 11:24:47 [notice] 1#1: worker process 35 exited with code 0
2022/04/23 11:24:47 [notice] 1#1: signal 29 (SIGIO) received
2022/04/23 11:24:47 [notice] 1#1: signal 17 (SIGCHLD) received from 36
2022/04/23 11:24:47 [notice] 1#1: worker process 33 exited with code 0
2022/04/23 11:24:47 [notice] 1#1: worker process 36 exited with code 0
2022/04/23 11:24:47 [notice] 1#1: exit
2022/04/23 11:26:25 [notice] 1#1: using the "epoll" event method
2022/04/23 11:26:25 [notice] 1#1: nginx/1.20.2
2022/04/23 11:26:25 [notice] 1#1: built by gcc 10.3.1 20210424 (Alpine 10.3.1_git20210424) 
2022/04/23 11:26:25 [notice] 1#1: OS: Linux 5.10.47-linuxkit
2022/04/23 11:26:25 [notice] 1#1: getrlimit(RLIMIT_NOFILE): 1048576:1048576
2022/04/23 11:26:25 [notice] 1#1: start worker processes
2022/04/23 11:26:25 [notice] 1#1: start worker process 33
2022/04/23 11:26:25 [notice] 1#1: start worker process 34
2022/04/23 11:26:25 [notice] 1#1: start worker process 35
2022/04/23 11:26:25 [notice] 1#1: start worker process 36
2022/04/24 19:44:38 [error] 33#33: *576 upstream timed out (110: Operation timed out) while reading response header from upstream, client: 172.20.0.1, server: localhost, request: "GET /search?title=&geo=de-de&limit=10&offset=0 HTTP/1.1", upstream: "fastcgi://172.20.0.2:9000", host: "localhost:8088", referrer: "http://localhost:8088/search?title=&geo=en&limit=10&offset=0"
2022/04/25 07:34:05 [notice] 1#1: signal 3 (SIGQUIT) received, shutting down
2022/04/25 07:34:05 [notice] 33#33: gracefully shutting down
2022/04/25 07:34:05 [notice] 34#34: gracefully shutting down
2022/04/25 07:34:05 [notice] 35#35: gracefully shutting down
2022/04/25 07:34:05 [notice] 36#36: gracefully shutting down
2022/04/25 07:34:05 [notice] 33#33: exiting
2022/04/25 07:34:05 [notice] 34#34: exiting
2022/04/25 07:34:05 [notice] 35#35: exiting
2022/04/25 07:34:05 [notice] 36#36: exiting
2022/04/25 07:34:05 [notice] 34#34: exit
2022/04/25 07:34:05 [notice] 33#33: exit
2022/04/25 07:34:05 [notice] 35#35: exit
2022/04/25 07:34:05 [notice] 36#36: exit
2022/04/25 07:34:05 [notice] 1#1: signal 17 (SIGCHLD) received from 36
2022/04/25 07:34:05 [notice] 1#1: worker process 33 exited with code 0
2022/04/25 07:34:05 [notice] 1#1: worker process 35 exited with code 0
2022/04/25 07:34:05 [notice] 1#1: worker process 36 exited with code 0
2022/04/25 07:34:05 [notice] 1#1: worker process 34 exited with code 0
2022/04/25 07:34:05 [notice] 1#1: exit
2022/04/25 13:37:28 [notice] 1#1: using the "epoll" event method
2022/04/25 13:37:28 [notice] 1#1: nginx/1.20.2
2022/04/25 13:37:28 [notice] 1#1: built by gcc 10.3.1 20210424 (Alpine 10.3.1_git20210424) 
2022/04/25 13:37:28 [notice] 1#1: OS: Linux 5.10.47-linuxkit
2022/04/25 13:37:28 [notice] 1#1: getrlimit(RLIMIT_NOFILE): 1048576:1048576
2022/04/25 13:37:28 [notice] 1#1: start worker processes
2022/04/25 13:37:28 [notice] 1#1: start worker process 32
2022/04/25 13:37:28 [notice] 1#1: start worker process 33
2022/04/25 13:37:28 [notice] 1#1: start worker process 34
2022/04/25 13:37:28 [notice] 1#1: start worker process 35
